<?xml version="1.0" encoding="utf-8"?><testsuites name="pytest tests"><testsuite name="pytest" errors="0" failures="0" skipped="0" tests="33" time="8.770" timestamp="2026-07-13T14:07:10.610263-04:00" hostname="LAPTOP-66OOGH2M"><testcase classname="tests.test_gate_runtime.Gate01TransactionTests" name="test_clean_commit" time="0.095" /><testcase classname="tests.test_gate_runtime.Gate01TransactionTests" name="test_independent_transactions" time="0.147" /><testcase classname="tests.test_gate_runtime.Gate01TransactionTests" name="test_rollback_has_no_ingested_for_failed_artifact" time="0.047" /><testcase classname="tests.test_gate_runtime.Gate01TransactionTests" name="test_rollback_record_contains_transaction" time="0.045" /><testcase classname="tests.test_gate_runtime.Gate01TransactionTests" name="test_rollback_removes_new_artifact" time="0.018" /><testcase classname="tests.test_gate_runtime.Gate01TransactionTests" name="test_rollback_restores_existing_bytes" time="0.067" /><testcase classname="tests.test_gate_runtime.Gate01TransactionTests" name="test_rollback_under_500ms" time="0.031" /><testcase classname="tests.test_gate_runtime.Gate02PublicationTests" name="test_consumer_isolation" time="0.040" /><testcase classname="tests.test_gate_runtime.Gate02PublicationTests" name="test_event_logging" time="0.031" /><testcase classname="tests.test_gate_runtime.Gate02PublicationTests" name="test_failed_queryable" time="0.012" /><testcase classname="tests.test_gate_runtime.Gate02PublicationTests" name="test_failure_does_not_touch_artifact" time="0.076" /><testcase classname="tests.test_gate_runtime.Gate02PublicationTests" name="test_idempotent_success" time="0.012" /><testcase classname="tests.test_gate_runtime.Gate02PublicationTests" name="test_manual_republish" time="0.041" /><testcase classname="tests.test_gate_runtime.Gate02PublicationTests" name="test_retry_count" time="0.061" /><testcase classname="tests.test_gate_runtime.Gate02PublicationTests" name="test_success" time="0.014" /><testcase classname="tests.test_gate_runtime.Gate03ActorTests" name="test_bootstrap_rotation" time="0.012" /><testcase classname="tests.test_gate_runtime.Gate03ActorTests" name="test_export_no_credentials" time="0.059" /><testcase classname="tests.test_gate_runtime.Gate03ActorTests" name="test_id_format" time="0.013" /><testcase classname="tests.test_gate_runtime.Gate03ActorTests" name="test_inactive_actor" time="0.024" /><testcase classname="tests.test_gate_runtime.Gate03ActorTests" name="test_lookup" time="0.051" /><testcase classname="tests.test_gate_runtime.Gate03ActorTests" name="test_mutation_lineage" time="0.069" /><testcase classname="tests.test_gate_runtime.Gate03ActorTests" name="test_persistence_restart" time="0.054" /><testcase classname="tests.test_gate_runtime.Gate03ActorTests" name="test_retired_terminal" time="0.124" /><testcase classname="tests.test_gate_runtime.Gate03ActorTests" name="test_skip_transition_rejected" time="0.035" /><testcase classname="tests.test_gate_runtime.Gate04LineageTests" name="test_exclusive_lock" time="0.019" /><testcase classname="tests.test_gate_runtime.Gate04LineageTests" name="test_hash_break_detection" time="0.052" /><testcase classname="tests.test_gate_runtime.Gate04LineageTests" name="test_hash_chain_normal" time="2.977" /><testcase classname="tests.test_gate_runtime.Gate04LineageTests" name="test_partial_repair" time="0.092" /><testcase classname="tests.test_gate_runtime.Gate04LineageTests" name="test_stale_expiry" time="0.013" /><testcase classname="tests.test_gate_runtime.Gate04LineageTests" name="test_ten_writer_stress" time="2.464" /><testcase classname="tests.test_gate_runtime.Gate04LineageTests" name="test_timeout_code" time="0.021" /><testcase classname="tests.test_gate_runtime.Gate04LineageTests" name="test_unique_ids_concurrent" time="1.530" /><testcase classname="tests.test_gate_runtime.Gate05ActivationTests" name="test_open_gates_block_activation" time="0.042" /></testsuite></testsuites>