<?xml version="1.0" encoding="utf-8"?><testsuites name="pytest tests"><testsuite name="pytest" errors="0" failures="0" skipped="0" tests="8" time="0.551" timestamp="2026-07-13T17:29:18.833298-04:00" hostname="LAPTOP-66OOGH2M"><testcase classname="tests.test_gate_runtime.Gate01TransactionTests" name="test_clean_commit" time="0.047" /><testcase classname="tests.test_gate_runtime.Gate01TransactionTests" name="test_independent_transactions" time="0.051" /><testcase classname="tests.test_gate_runtime.Gate01TransactionTests" name="test_mid_lineage_write_rollback" time="0.107" /><testcase classname="tests.test_gate_runtime.Gate01TransactionTests" name="test_rollback_has_no_ingested_for_failed_artifact" time="0.046" /><testcase classname="tests.test_gate_runtime.Gate01TransactionTests" name="test_rollback_record_contains_transaction" time="0.044" /><testcase classname="tests.test_gate_runtime.Gate01TransactionTests" name="test_rollback_removes_new_artifact" time="0.020" /><testcase classname="tests.test_gate_runtime.Gate01TransactionTests" name="test_rollback_restores_existing_bytes" time="0.058" /><testcase classname="tests.test_gate_runtime.Gate01TransactionTests" name="test_rollback_under_500ms" time="0.025" /></testsuite></testsuites>