<?xml version="1.0" encoding="UTF-8"?>
<coverage generated="1783836117878" clover="3.2.0">
  <project timestamp="1783836117878" name="All files">
    <metrics statements="31" coveredstatements="0" conditionals="3" coveredconditionals="0" methods="15" coveredmethods="0" elements="49" coveredelements="0" complexity="0" loc="31" ncloc="31" packages="1" files="6" classes="6"/>
    <file name="configRestorer.ts" path="C:\dev\skills\rollback-phase\src\configRestorer.ts">
      <metrics statements="4" coveredstatements="0" conditionals="0" coveredconditionals="0" methods="2" coveredmethods="0"/>
      <line num="4" count="0" type="stmt"/>
      <line num="10" count="0" type="stmt"/>
      <line num="13" count="0" type="stmt"/>
      <line num="17" count="0" type="stmt"/>
    </file>
    <file name="flagRestorer.ts" path="C:\dev\skills\rollback-phase\src\flagRestorer.ts">
      <metrics statements="4" coveredstatements="0" conditionals="0" coveredconditionals="0" methods="2" coveredmethods="0"/>
      <line num="4" count="0" type="stmt"/>
      <line num="10" count="0" type="stmt"/>
      <line num="13" count="0" type="stmt"/>
      <line num="17" count="0" type="stmt"/>
    </file>
    <file name="healthGate.ts" path="C:\dev\skills\rollback-phase\src\healthGate.ts">
      <metrics statements="5" coveredstatements="0" conditionals="3" coveredconditionals="0" methods="2" coveredmethods="0"/>
      <line num="4" count="0" type="stmt"/>
      <line num="11" count="0" type="stmt"/>
      <line num="19" count="0" type="stmt"/>
      <line num="22" count="0" type="stmt"/>
      <line num="29" count="0" type="stmt"/>
    </file>
    <file name="index.ts" path="C:\dev\skills\rollback-phase\src\index.ts">
      <metrics statements="7" coveredstatements="0" conditionals="0" coveredconditionals="0" methods="2" coveredmethods="0"/>
      <line num="1" count="0" type="stmt"/>
      <line num="8" count="0" type="stmt"/>
      <line num="9" count="0" type="stmt"/>
      <line num="10" count="0" type="stmt"/>
      <line num="13" count="0" type="stmt"/>
      <line num="14" count="0" type="stmt"/>
      <line num="17" count="0" type="stmt"/>
    </file>
    <file name="rollbackOrchestrator.ts" path="C:\dev\skills\rollback-phase\src\rollbackOrchestrator.ts">
      <metrics statements="7" coveredstatements="0" conditionals="0" coveredconditionals="0" methods="5" coveredmethods="0"/>
      <line num="8" count="0" type="stmt"/>
      <line num="9" count="0" type="stmt"/>
      <line num="10" count="0" type="stmt"/>
      <line num="21" count="0" type="stmt"/>
      <line num="27" count="0" type="stmt"/>
      <line num="38" count="0" type="stmt"/>
      <line num="42" count="0" type="stmt"/>
    </file>
    <file name="snapshotLoader.ts" path="C:\dev\skills\rollback-phase\src\snapshotLoader.ts">
      <metrics statements="4" coveredstatements="0" conditionals="0" coveredconditionals="0" methods="2" coveredmethods="0"/>
      <line num="4" count="0" type="stmt"/>
      <line num="8" count="0" type="stmt"/>
      <line num="11" count="0" type="stmt"/>
      <line num="16" count="0" type="stmt"/>
    </file>
  </project>
</coverage>
