<?xml version="1.0" encoding="UTF-8"?>
<coverage generated="1783837252812" clover="3.2.0">
  <project timestamp="1783837252812" name="All files">
    <metrics statements="34" coveredstatements="13" conditionals="3" coveredconditionals="0" methods="15" coveredmethods="4" elements="52" coveredelements="17" complexity="0" loc="34" ncloc="34" packages="1" files="6" classes="6"/>
    <file name="configRestorer.ts" path="C:\dev\skills\rollback-phase\src\configRestorer.ts">
      <metrics statements="4" coveredstatements="0" conditionals="0" coveredconditionals="0" methods="2" coveredmethods="0"/>
      <line num="4" count="0" type="stmt"/>
      <line num="10" count="0" type="stmt"/>
      <line num="13" count="0" type="stmt"/>
      <line num="17" count="0" type="stmt"/>
    </file>
    <file name="flagRestorer.ts" path="C:\dev\skills\rollback-phase\src\flagRestorer.ts">
      <metrics statements="4" coveredstatements="0" conditionals="0" coveredconditionals="0" methods="2" coveredmethods="0"/>
      <line num="4" count="0" type="stmt"/>
      <line num="10" count="0" type="stmt"/>
      <line num="13" count="0" type="stmt"/>
      <line num="17" count="0" type="stmt"/>
    </file>
    <file name="healthGate.ts" path="C:\dev\skills\rollback-phase\src\healthGate.ts">
      <metrics statements="5" coveredstatements="0" conditionals="3" coveredconditionals="0" methods="2" coveredmethods="0"/>
      <line num="4" count="0" type="stmt"/>
      <line num="11" count="0" type="stmt"/>
      <line num="19" count="0" type="stmt"/>
      <line num="22" count="0" type="stmt"/>
      <line num="29" count="0" type="stmt"/>
    </file>
    <file name="index.ts" path="C:\dev\skills\rollback-phase\src\index.ts">
      <metrics statements="8" coveredstatements="8" conditionals="0" coveredconditionals="0" methods="2" coveredmethods="2"/>
      <line num="1" count="1" type="stmt"/>
      <line num="9" count="1" type="stmt"/>
      <line num="10" count="21" type="stmt"/>
      <line num="11" count="21" type="stmt"/>
      <line num="12" count="21" type="stmt"/>
      <line num="15" count="1" type="stmt"/>
      <line num="16" count="21" type="stmt"/>
      <line num="19" count="1" type="stmt"/>
    </file>
    <file name="rollbackOrchestrator.ts" path="C:\dev\skills\rollback-phase\src\rollbackOrchestrator.ts">
      <metrics statements="9" coveredstatements="5" conditionals="0" coveredconditionals="0" methods="5" coveredmethods="2"/>
      <line num="8" count="1" type="stmt"/>
      <line num="9" count="21" type="stmt"/>
      <line num="10" count="21" type="stmt"/>
      <line num="24" count="21" type="stmt"/>
      <line num="29" count="21" type="stmt"/>
      <line num="33" count="0" type="stmt"/>
      <line num="41" count="0" type="stmt"/>
      <line num="42" count="0" type="stmt"/>
      <line num="46" count="0" type="stmt"/>
    </file>
    <file name="snapshotLoader.ts" path="C:\dev\skills\rollback-phase\src\snapshotLoader.ts">
      <metrics statements="4" coveredstatements="0" conditionals="0" coveredconditionals="0" methods="2" coveredmethods="0"/>
      <line num="4" count="0" type="stmt"/>
      <line num="8" count="0" type="stmt"/>
      <line num="11" count="0" type="stmt"/>
      <line num="16" count="0" type="stmt"/>
    </file>
  </project>
</coverage>
