TN:
SF:src\configRestorer.ts
FN:4,restoreConfig
FN:13,validateConfigRestore
FNF:2
FNH:0
FNDA:0,restoreConfig
FNDA:0,validateConfigRestore
DA:4,0
DA:10,0
DA:13,0
DA:17,0
LF:4
LH:0
BRF:0
BRH:0
end_of_record
TN:
SF:src\flagRestorer.ts
FN:4,restoreFlags
FN:13,validateFlagRestore
FNF:2
FNH:0
FNDA:0,restoreFlags
FNDA:0,validateFlagRestore
DA:4,0
DA:10,0
DA:13,0
DA:17,0
LF:4
LH:0
BRF:0
BRH:0
end_of_record
TN:
SF:src\healthGate.ts
FN:11,performHealthCheck
FN:22,validateHealthThresholds
FNF:2
FNH:0
FNDA:0,performHealthCheck
FNDA:0,validateHealthThresholds
DA:4,0
DA:11,0
DA:19,0
DA:22,0
DA:29,0
LF:5
LH:0
BRDA:30,0,0,0
BRDA:30,0,1,0
BRDA:30,0,2,0
BRF:3
BRH:0
end_of_record
TN:
SF:src\index.ts
FN:9,execute
FN:15,main
FNF:2
FNH:2
FNDA:21,execute
FNDA:21,main
DA:1,1
DA:9,1
DA:10,21
DA:11,21
DA:12,21
DA:15,1
DA:16,21
DA:19,1
LF:8
LH:8
BRF:0
BRH:0
end_of_record
TN:
SF:src\rollbackOrchestrator.ts
FN:8,(anonymous_0)
FN:12,(anonymous_1)
FN:32,(anonymous_2)
FN:40,(anonymous_3)
FN:45,(anonymous_4)
FNF:5
FNH:2
FNDA:21,(anonymous_0)
FNDA:21,(anonymous_1)
FNDA:0,(anonymous_2)
FNDA:0,(anonymous_3)
FNDA:0,(anonymous_4)
DA:8,1
DA:9,21
DA:10,21
DA:24,21
DA:29,21
DA:33,0
DA:41,0
DA:42,0
DA:46,0
LF:9
LH:5
BRF:0
BRH:0
end_of_record
TN:
SF:src\snapshotLoader.ts
FN:4,loadCheckpoint
FN:11,validateCheckpoint
FNF:2
FNH:0
FNDA:0,loadCheckpoint
FNDA:0,validateCheckpoint
DA:4,0
DA:8,0
DA:11,0
DA:16,0
LF:4
LH:0
BRF:0
BRH:0
end_of_record
