TN:
SF:src\configRestorer.ts
FN:4,restoreConfig
FN:13,validateConfigRestore
FNF:2
FNH:0
FNDA:0,restoreConfig
FNDA:0,validateConfigRestore
DA:4,0
DA:10,0
DA:13,0
DA:17,0
LF:4
LH:0
BRF:0
BRH:0
end_of_record
TN:
SF:src\flagRestorer.ts
FN:4,restoreFlags
FN:13,validateFlagRestore
FNF:2
FNH:0
FNDA:0,restoreFlags
FNDA:0,validateFlagRestore
DA:4,0
DA:10,0
DA:13,0
DA:17,0
LF:4
LH:0
BRF:0
BRH:0
end_of_record
TN:
SF:src\healthGate.ts
FN:11,performHealthCheck
FN:22,validateHealthThresholds
FNF:2
FNH:0
FNDA:0,performHealthCheck
FNDA:0,validateHealthThresholds
DA:4,0
DA:11,0
DA:19,0
DA:22,0
DA:29,0
LF:5
LH:0
BRDA:30,0,0,0
BRDA:30,0,1,0
BRDA:30,0,2,0
BRF:3
BRH:0
end_of_record
TN:
SF:src\index.ts
FN:8,execute
FN:13,main
FNF:2
FNH:0
FNDA:0,execute
FNDA:0,main
DA:1,0
DA:8,0
DA:9,0
DA:10,0
DA:13,0
DA:14,0
DA:17,0
LF:7
LH:0
BRF:0
BRH:0
end_of_record
TN:
SF:src\rollbackOrchestrator.ts
FN:8,(anonymous_0)
FN:12,(anonymous_1)
FN:24,(anonymous_2)
FN:34,(anonymous_3)
FN:41,(anonymous_4)
FNF:5
FNH:0
FNDA:0,(anonymous_0)
FNDA:0,(anonymous_1)
FNDA:0,(anonymous_2)
FNDA:0,(anonymous_3)
FNDA:0,(anonymous_4)
DA:8,0
DA:9,0
DA:10,0
DA:21,0
DA:27,0
DA:38,0
DA:42,0
LF:7
LH:0
BRF:0
BRH:0
end_of_record
TN:
SF:src\snapshotLoader.ts
FN:4,loadCheckpoint
FN:11,validateCheckpoint
FNF:2
FNH:0
FNDA:0,loadCheckpoint
FNDA:0,validateCheckpoint
DA:4,0
DA:8,0
DA:11,0
DA:16,0
LF:4
LH:0
BRF:0
BRH:0
end_of_record
